{"numTotalTestSuites":393,"numPassedTestSuites":393,"numFailedTestSuites":0,"numPendingTestSuites":0,"numTotalTests":745,"numPassedTests":745,"numFailedTests":0,"numPendingTests":0,"numTodoTests":0,"snapshot":{"added":0,"failure":false,"filesAdded":0,"filesRemoved":0,"filesRemovedList":[],"filesUnmatched":0,"filesUpdated":0,"matched":0,"total":0,"unchecked":0,"uncheckedKeysByFile":[],"unmatched":0,"updated":0,"didUpdate":false},"startTime":1779916182579,"success":true,"testResults":[{"assertionResults":[{"ancestorTitles":["App bootstrap does not restore critical state from localStorage"],"fullName":"App bootstrap does not restore critical state from localStorage does not read critical keys in bootstrap","status":"passed","title":"does not read critical keys in bootstrap","duration":2.9415070000000014,"failureMessages":[],"meta":{},"tags":[]},{"ancestorTitles":["App bootstrap does not restore critical state from localStorage"],"fullName":"App bootstrap does not restore critical state from localStorage keeps only non-sensitive local preferences","status":"passed","title":"keeps only non-sensitive local preferences","duration":0.3870070000000396,"failureMessages":[],"meta":{},"tags":[]}],"startTime":1779916276739,"endTime":1779916276742.387,"status":"passed","message":"","name":"/app/tests/appBootstrapLocalStorage.test.ts"},{"assertionResults":[{"ancestorTitles":["sensitive API auth error standardization"],"fullName":"sensitive API auth error standardization returns 401 on gamification state without auth","status":"passed","title":"returns 401 on gamification state without auth","duration":105.32966699999997,"failureMessages":[],"meta":{},"tags":[]},{"ancestorTitles":["sensitive API auth error standardization"],"fullName":"sensitive API auth error standardization returns 401 on gamification event without auth","status":"passed","title":"returns 401 on gamification event without auth","duration":26.440695000000005,"failureMessages":[],"meta":{},"tags":[]},{"ancestorTitles":["sensitive API auth error standardization"],"fullName":"sensitive API auth error standardization returns 401 on gemini proxy without auth","status":"passed","title":"returns 401 on gemini proxy without auth","duration":34.44308099999989,"failureMessages":[],"meta":{},"tags":[]}],"startTime":1779916199740,"endTime":1779916199906.443,"status":"passed","message":"","name":"/app/tests/authErrorStandardization.test.ts"},{"assertionResults":[{"ancestorTitles":["billing API handlers hardening"],"fullName":"billing API handlers hardening returns BILLING_PROVIDER_NOT_CONFIGURED from checkout when Stripe secret is absent","status":"passed","title":"returns BILLING_PROVIDER_NOT_CONFIGURED from checkout when Stripe secret is absent","duration":19.303497000000107,"failureMessages":[],"meta":{},"tags":[]},{"ancestorTitles":["billing API handlers hardening"],"fullName":"billing API handlers hardening rejects webhook without signature/secret","status":"passed","title":"rejects webhook without signature/secret","duration":40.69157500000006,"failureMessages":[],"meta":{},"tags":[]},{"ancestorTitles":["billing API handlers hardening"],"fullName":"billing API handlers hardening rejects checkout without authenticated user","status":"passed","title":"rejects checkout without authenticated user","duration":1.7686040000000958,"failureMessages":[],"meta":{},"tags":[]},{"ancestorTitles":["billing API handlers hardening"],"fullName":"billing API handlers hardening rejects portal without authenticated user","status":"passed","title":"rejects portal without authenticated user","duration":8.547835000000077,"failureMessages":[],"meta":{},"tags":[]}],"startTime":1779916201632,"endTime":1779916201702.5479,"status":"passed","message":"","name":"/app/tests/billingApiHandlers.test.ts"},{"assertionResults":[{"ancestorTitles":["billing entitlement handler fail-safe"],"fullName":"billing entitlement handler fail-safe returns free + not_configured when backend is not configured","status":"passed","title":"returns free + not_configured when backend is not configured","duration":24.85912099999996,"failureMessages":[],"meta":{},"tags":[]}],"startTime":1779916207960,"endTime":1779916207984.8591,"status":"passed","message":"","name":"/app/tests/billingEntitlementHandler.test.ts"},{"assertionResults":[{"ancestorTitles":["billingService"],"fullName":"billingService busca entitlement com token Supabase","status":"passed","title":"busca entitlement com token Supabase","duration":19.102371000000176,"failureMessages":[],"meta":{},"tags":[]},{"ancestorTitles":["billingService"],"fullName":"billingService cria checkout Stripe sem estado premium local","status":"passed","title":"cria checkout Stripe sem estado premium local","duration":3.4932380000000194,"failureMessages":[],"meta":{},"tags":[]},{"ancestorTitles":["billingService"],"fullName":"billingService propaga BILLING_PROVIDER_NOT_CONFIGURED quando Stripe nao esta configurado","status":"passed","title":"propaga BILLING_PROVIDER_NOT_CONFIGURED quando Stripe nao esta configurado","duration":4.816000000000031,"failureMessages":[],"meta":{},"tags":[]}],"startTime":1779916202955,"endTime":1779916202982.816,"status":"passed","message":"","name":"/app/tests/billingService.test.ts"},{"assertionResults":[{"ancestorTitles":["CI workflow"],"fullName":"CI workflow runs quality gates in separate jobs so GitHub Actions can parallelize them","status":"passed","title":"runs quality gates in separate jobs so GitHub Actions can parallelize them","duration":2.8281469999999445,"failureMessages":[],"meta":{},"tags":[]},{"ancestorTitles":["CI workflow"],"fullName":"CI workflow skips browser E2E honestly when no test:e2e script is available","status":"passed","title":"skips browser E2E honestly when no test:e2e script is available","duration":0.5875740000001315,"failureMessages":[],"meta":{},"tags":[]}],"startTime":1779916272327,"endTime":1779916272330.5876,"status":"passed","message":"","name":"/app/tests/ciWorkflow.test.ts"},{"assertionResults":[{"ancestorTitles":["CSP headers"],"fullName":"CSP headers keeps script-src free from unsafe inline/eval while allowing required script providers","status":"passed","title":"keeps script-src free from unsafe inline/eval while allowing required script providers","duration":4.117717000000084,"failureMessages":[],"meta":{},"tags":[]},{"ancestorTitles":["CSP headers"],"fullName":"CSP headers keeps explicit allowlists for app integrations and hardening directives","status":"passed","title":"keeps explicit allowlists for app integrations and hardening directives","duration":2.3229650000000674,"failureMessages":[],"meta":{},"tags":[]}],"startTime":1779916235482,"endTime":1779916235488.323,"status":"passed","message":"","name":"/app/tests/cspHeaders.test.ts"},{"assertionResults":[{"ancestorTitles":["exerciseLibrary - searchExercises"],"fullName":"exerciseLibrary - searchExercises searches by name (case insensitive)","status":"passed","title":"searches by name (case insensitive)","duration":3.9931810000000496,"failureMessages":[],"meta":{},"tags":[]},{"ancestorTitles":["exerciseLibrary - searchExercises"],"fullName":"exerciseLibrary - searchExercises searches by muscle group","status":"passed","title":"searches by muscle group","duration":1.3910949999999502,"failureMessages":[],"meta":{},"tags":[]},{"ancestorTitles":["exerciseLibrary - searchExercises"],"fullName":"exerciseLibrary - searchExercises searches by movement pattern","status":"passed","title":"searches by movement pattern","duration":0.6478660000000218,"failureMessages":[],"meta":{},"tags":[]},{"ancestorTitles":["exerciseLibrary - searchExercises"],"fullName":"exerciseLibrary - searchExercises searches by tags","status":"passed","title":"searches by tags","duration":0.7155569999999898,"failureMessages":[],"meta":{},"tags":[]},{"ancestorTitles":["exerciseLibrary - searchExercises"],"fullName":"exerciseLibrary - searchExercises searches by aliases","status":"passed","title":"searches by aliases","duration":0.38400499999988824,"failureMessages":[],"meta":{},"tags":[]},{"ancestorTitles":["exerciseLibrary - searchExercises"],"fullName":"exerciseLibrary - searchExercises returns empty array when no matches are found","status":"passed","title":"returns empty array when no matches are found","duration":0.3312339999999949,"failureMessages":[],"meta":{},"tags":[]},{"ancestorTitles":["exerciseLibrary - custom exercises"],"fullName":"exerciseLibrary - custom exercises loadCustomExercises returns empty array initially","status":"passed","title":"loadCustomExercises returns empty array initially","duration":1.1264400000000023,"failureMessages":[],"meta":{},"tags":[]},{"ancestorTitles":["exerciseLibrary - custom exercises"],"fullName":"exerciseLibrary - custom exercises saveCustomExercise adds to localStorage and generates id","status":"passed","title":"saveCustomExercise adds to localStorage and generates id","duration":1.7266859999999724,"failureMessages":[],"meta":{},"tags":[]},{"ancestorTitles":["exerciseLibrary - custom exercises"],"fullName":"exerciseLibrary - custom exercises loadCustomExercises handles invalid JSON","status":"passed","title":"loadCustomExercises handles invalid JSON","duration":0.8424289999998109,"failureMessages":[],"meta":{},"tags":[]},{"ancestorTitles":["exerciseLibrary - custom exercises"],"fullName":"exerciseLibrary - custom exercises getExerciseLibrary combines default library and custom exercises","status":"passed","title":"getExerciseLibrary combines default library and custom exercises","duration":0.8709469999998873,"failureMessages":[],"meta":{},"tags":[]},{"ancestorTitles":["exerciseLibrary - custom exercises"],"fullName":"exerciseLibrary - custom exercises findExerciseLibraryEntry finds exercises by name or alias","status":"passed","title":"findExerciseLibraryEntry finds exercises by name or alias","duration":1.1271120000001247,"failureMessages":[],"meta":{},"tags":[]}],"startTime":1779916219502,"endTime":1779916219516.1272,"status":"passed","message":"","name":"/app/tests/exerciseLibrary.test.ts"},{"assertionResults":[{"ancestorTitles":["gamification event API"],"fullName":"gamification event API rejects unknown events","status":"passed","title":"rejects unknown events","duration":24.266496999999845,"failureMessages":[],"meta":{},"tags":[]},{"ancestorTitles":["gamification event API"],"fullName":"gamification event API enforces mission claim idempotency when already claimed","status":"passed","title":"enforces mission claim idempotency when already claimed","duration":3.17134400000009,"failureMessages":[],"meta":{},"tags":[]},{"ancestorTitles":["gamification event API"],"fullName":"gamification event API blocks cosmetic purchase with insufficient balance","status":"passed","title":"blocks cosmetic purchase with insufficient balance","duration":2.2026610000000346,"failureMessages":[],"meta":{},"tags":[]}],"startTime":1779916200167,"endTime":1779916200196.2026,"status":"passed","message":"","name":"/app/tests/gamificationApiHandlers.test.ts"},{"assertionResults":[{"ancestorTitles":["Gamification RPC Hardening"],"fullName":"Gamification RPC Hardening should have a migration that revokes public access and sets search_path for sensitive gamification RPCs","status":"passed","title":"should have a migration that revokes public access and sets search_path for sensitive gamification RPCs","duration":5.0600610000001325,"failureMessages":[],"meta":{},"tags":[]}],"startTime":1779916259018,"endTime":1779916259023.06,"status":"passed","message":"","name":"/app/tests/gamificationRpcHardening.test.ts"},{"assertionResults":[{"ancestorTitles":["gamificationService"],"fullName":"gamificationService carrega estado de gamificação pelo backend autenticado","status":"passed","title":"carrega estado de gamificação pelo backend autenticado","duration":8.987149000000045,"failureMessages":[],"meta":{},"tags":[]},{"ancestorTitles":["gamificationService"],"fullName":"gamificationService registra check-in sem escrever localStorage","status":"passed","title":"registra check-in sem escrever localStorage","duration":3.040514999999914,"failureMessages":[],"meta":{},"tags":[]},{"ancestorTitles":["gamificationService"],"fullName":"gamificationService registra treino concluído com sourceId no backend","status":"passed","title":"registra treino concluído com sourceId no backend","duration":1.2804990000001908,"failureMessages":[],"meta":{},"tags":[]}],"startTime":1779916216899,"endTime":1779916216912.2805,"status":"passed","message":"","name":"/app/tests/gamificationService.test.ts"},{"assertionResults":[{"ancestorTitles":["gemini proxy hardening"],"fullName":"gemini proxy hardening returns a safe final error after transient fetch failures","status":"passed","title":"returns a safe final error after transient fetch failures","duration":1006.4703420000001,"failureMessages":[],"meta":{},"tags":[]},{"ancestorTitles":["gemini proxy hardening"],"fullName":"gemini proxy hardening does not retry rejected 4xx upstream responses","status":"passed","title":"does not retry rejected 4xx upstream responses","duration":4.950658999999632,"failureMessages":[],"meta":{},"tags":[]},{"ancestorTitles":["gemini proxy hardening"],"fullName":"gemini proxy hardening rejects unauthenticated users before checking provider credentials","status":"passed","title":"rejects unauthenticated users before checking provider credentials","duration":3.1480350000001636,"failureMessages":[],"meta":{},"tags":[]}],"startTime":1779916186657,"endTime":1779916187671.148,"status":"passed","message":"","name":"/app/tests/geminiProxyHardening.test.ts"},{"assertionResults":[{"ancestorTitles":["geminiService"],"fullName":"geminiService gera treino chamando o proxy Gemini autenticado","status":"passed","title":"gera treino chamando o proxy Gemini autenticado","duration":22.585271000000148,"failureMessages":[],"meta":{},"tags":[]},{"ancestorTitles":["geminiService"],"fullName":"geminiService reutiliza cache em memória para prompts Gemini textuais iguais","status":"passed","title":"reutiliza cache em memória para prompts Gemini textuais iguais","duration":2.1829760000000533,"failureMessages":[],"meta":{},"tags":[]}],"startTime":1779916214064,"endTime":1779916214088.1829,"status":"passed","message":"","name":"/app/tests/geminiService.test.ts"},{"assertionResults":[{"ancestorTitles":["critical localStorage isolation"],"fullName":"critical localStorage isolation streak utils do not persist client-side source of truth","status":"passed","title":"streak utils do not persist client-side source of truth","duration":3.9571540000001733,"failureMessages":[],"meta":{},"tags":[]},{"ancestorTitles":["critical localStorage isolation"],"fullName":"critical localStorage isolation badges are derived in-memory and not persisted locally","status":"passed","title":"badges are derived in-memory and not persisted locally","duration":0.8962879999999132,"failureMessages":[],"meta":{},"tags":[]},{"ancestorTitles":["critical localStorage isolation"],"fullName":"critical localStorage isolation challenge updates are server-driven fallback and cannot be claimed locally","status":"passed","title":"challenge updates are server-driven fallback and cannot be claimed locally","duration":0.8736080000001039,"failureMessages":[],"meta":{},"tags":[]}],"startTime":1779916253779,"endTime":1779916253784.8735,"status":"passed","message":"","name":"/app/tests/localStorageCriticalIsolation.test.ts"},{"assertionResults":[{"ancestorTitles":["periodizationUtils"],"fullName":"periodizationUtils classifica volume semanal nos quatro estados esperados","status":"passed","title":"classifica volume semanal nos quatro estados esperados","duration":2.6362289999999575,"failureMessages":[],"meta":{},"tags":[]},{"ancestorTitles":["periodizationUtils"],"fullName":"periodizationUtils soma apenas séries efetivas de exercícios concluídos","status":"passed","title":"soma apenas séries efetivas de exercícios concluídos","duration":0.7829460000000381,"failureMessages":[],"meta":{},"tags":[]},{"ancestorTitles":["periodizationUtils"],"fullName":"periodizationUtils sugere progressão, regressão ou troca com base em performance e fadiga","status":"passed","title":"sugere progressão, regressão ou troca com base em performance e fadiga","duration":0.7175520000000688,"failureMessages":[],"meta":{},"tags":[]}],"startTime":1779916222397,"endTime":1779916222401.7175,"status":"passed","message":"","name":"/app/tests/periodizationUtils.test.ts"},{"assertionResults":[{"ancestorTitles":["PWA service worker static cache safety"],"fullName":"PWA service worker static cache safety routes /api and Authorization requests through the bypass policy","status":"passed","title":"routes /api and Authorization requests through the bypass policy","duration":2.5995980000000145,"failureMessages":[],"meta":{},"tags":[]},{"ancestorTitles":["PWA service worker static cache safety"],"fullName":"PWA service worker static cache safety keeps the network-only path from writing to CacheStorage","status":"passed","title":"keeps the network-only path from writing to CacheStorage","duration":0.6930070000000796,"failureMessages":[],"meta":{},"tags":[]},{"ancestorTitles":["PWA service worker static cache safety"],"fullName":"PWA service worker static cache safety returns a no-store 503 fallback for offline same-origin API requests","status":"passed","title":"returns a no-store 503 fallback for offline same-origin API requests","duration":0.5031260000000657,"failureMessages":[],"meta":{},"tags":[]},{"ancestorTitles":["PWA service worker static cache safety"],"fullName":"PWA service worker static cache safety keeps the offline fallback free of sensitive payload markers","status":"passed","title":"keeps the offline fallback free of sensitive payload markers","duration":0.5955020000001241,"failureMessages":[],"meta":{},"tags":[]}],"startTime":1779916265007,"endTime":1779916265011.5955,"status":"passed","message":"","name":"/app/tests/pwaServiceWorkerStatic.test.ts"},{"assertionResults":[{"ancestorTitles":["quality and data architecture E2E smoke"],"fullName":"quality and data architecture E2E smoke deep links to nutrition and persists a local training cycle without external services","status":"passed","title":"deep links to nutrition and persists a local training cycle without external services","duration":19.820107000000007,"failureMessages":[],"meta":{},"tags":[]}],"startTime":1779916210758,"endTime":1779916210777.82,"status":"passed","message":"","name":"/app/tests/qualityCiDataArchitecture.e2eSmoke.test.ts"},{"assertionResults":[{"ancestorTitles":["schema drift guard"],"fullName":"schema drift guard keeps Supabase table/RPC usages backed by versioned migrations","status":"passed","title":"keeps Supabase table/RPC usages backed by versioned migrations","duration":39.10684900000001,"failureMessages":[],"meta":{},"tags":[]},{"ancestorTitles":["schema drift guard"],"fullName":"schema drift guard keeps allowlist entries justified inline","status":"passed","title":"keeps allowlist entries justified inline","duration":1.0215430000000651,"failureMessages":[],"meta":{},"tags":[]}],"startTime":1779916206432,"endTime":1779916206472.0215,"status":"passed","message":"","name":"/app/tests/schemaDrift.test.ts"},{"assertionResults":[{"ancestorTitles":["supabase critical rls tables"],"fullName":"supabase critical rls tables does not require public.profiles FK for user_periodization_plans creation","status":"passed","title":"does not require public.profiles FK for user_periodization_plans creation","duration":2.5388450000000375,"failureMessages":[],"meta":{},"tags":[]},{"ancestorTitles":["supabase critical rls tables"],"fullName":"supabase critical rls tables enables rls and locks policy to auth.uid() = user_id","status":"passed","title":"enables rls and locks policy to auth.uid() = user_id","duration":0.5648690000000443,"failureMessages":[],"meta":{},"tags":[]},{"ancestorTitles":["supabase critical rls tables"],"fullName":"supabase critical rls tables keeps hardening migration idempotent for user_id and policies","status":"passed","title":"keeps hardening migration idempotent for user_id and policies","duration":0.41013199999997596,"failureMessages":[],"meta":{},"tags":[]}],"startTime":1779916271893,"endTime":1779916271896.565,"status":"passed","message":"","name":"/app/tests/supabaseRlsCriticalTables.test.ts"},{"assertionResults":[{"ancestorTitles":["workoutEngine","toggleExerciseCompletion"],"fullName":"workoutEngine toggleExerciseCompletion should toggle completed status from false to true","status":"passed","title":"should toggle completed status from false to true","duration":2.5837799999999334,"failureMessages":[],"meta":{},"tags":[]},{"ancestorTitles":["workoutEngine","toggleExerciseCompletion"],"fullName":"workoutEngine toggleExerciseCompletion should toggle completed status from true to false","status":"passed","title":"should toggle completed status from true to false","duration":0.29411599999980353,"failureMessages":[],"meta":{},"tags":[]},{"ancestorTitles":["workoutEngine","toggleExerciseCompletion"],"fullName":"workoutEngine toggleExerciseCompletion should only toggle the targeted exercise","status":"passed","title":"should only toggle the targeted exercise","duration":0.4053449999998975,"failureMessages":[],"meta":{},"tags":[]},{"ancestorTitles":["workoutEngine","toggleExerciseCompletion"],"fullName":"workoutEngine toggleExerciseCompletion should return original array if exerciseId is not found","status":"passed","title":"should return original array if exerciseId is not found","duration":0.9840349999999489,"failureMessages":[],"meta":{},"tags":[]},{"ancestorTitles":["workoutEngine","calculateWorkoutProgress"],"fullName":"workoutEngine calculateWorkoutProgress should return 0 when exercises array is empty","status":"passed","title":"should return 0 when exercises array is empty","duration":0.3319810000000416,"failureMessages":[],"meta":{},"tags":[]},{"ancestorTitles":["workoutEngine","calculateWorkoutProgress"],"fullName":"workoutEngine calculateWorkoutProgress should return 0 when no exercises are completed","status":"passed","title":"should return 0 when no exercises are completed","duration":0.25472800000011375,"failureMessages":[],"meta":{},"tags":[]},{"ancestorTitles":["workoutEngine","calculateWorkoutProgress"],"fullName":"workoutEngine calculateWorkoutProgress should return 50 when half of the exercises are completed","status":"passed","title":"should return 50 when half of the exercises are completed","duration":0.384900000000016,"failureMessages":[],"meta":{},"tags":[]},{"ancestorTitles":["workoutEngine","calculateWorkoutProgress"],"fullName":"workoutEngine calculateWorkoutProgress should return 100 when all exercises are completed","status":"passed","title":"should return 100 when all exercises are completed","duration":0.3755670000000464,"failureMessages":[],"meta":{},"tags":[]},{"ancestorTitles":["workoutEngine","calculateWorkoutProgress"],"fullName":"workoutEngine calculateWorkoutProgress should properly round decimal percentages","status":"passed","title":"should properly round decimal percentages","duration":0.7098020000000815,"failureMessages":[],"meta":{},"tags":[]}],"startTime":1779916243885,"endTime":1779916243891.7097,"status":"passed","message":"","name":"/app/tests/workoutEngine.test.ts"},{"assertionResults":[{"ancestorTitles":["billing-store Stripe webhook recording"],"fullName":"billing-store Stripe webhook recording persists a minimized webhook payload instead of the raw Stripe event","status":"passed","title":"persists a minimized webhook payload instead of the raw Stripe event","duration":22.66689599999995,"failureMessages":[],"meta":{},"tags":[]},{"ancestorTitles":["billing-store Stripe webhook recording"],"fullName":"billing-store Stripe webhook recording keeps deduplication based on Stripe event id","status":"passed","title":"keeps deduplication based on Stripe event id","duration":8.765243999999939,"failureMessages":[],"meta":{},"tags":[]},{"ancestorTitles":["billing-store Stripe webhook recording"],"fullName":"billing-store Stripe webhook recording continues subscription updates from the original in-memory event object","status":"passed","title":"continues subscription updates from the original in-memory event object","duration":1.7529349999999795,"failureMessages":[],"meta":{},"tags":[]}],"startTime":1779916204515,"endTime":1779916204547.753,"status":"passed","message":"","name":"/app/api/_lib/billing-store.test.ts"},{"assertionResults":[{"ancestorTitles":["billing normalization"],"fullName":"billing normalization keeps free plan as default","status":"passed","title":"keeps free plan as default","duration":3.087054999999964,"failureMessages":[],"meta":{},"tags":[]},{"ancestorTitles":["billing normalization"],"fullName":"billing normalization maps legacy premium ids to pro plan","status":"passed","title":"maps legacy premium ids to pro plan","duration":0.5746560000000045,"failureMessages":[],"meta":{},"tags":[]},{"ancestorTitles":["billing normalization"],"fullName":"billing normalization flags paid statuses correctly","status":"passed","title":"flags paid statuses correctly","duration":0.47367800000006355,"failureMessages":[],"meta":{},"tags":[]},{"ancestorTitles":["billing normalization"],"fullName":"billing normalization returns free entitlements for unknown fallback access","status":"passed","title":"returns free entitlements for unknown fallback access","duration":1.4111639999998715,"failureMessages":[],"meta":{},"tags":[]}],"startTime":1779916236591,"endTime":1779916236596.4111,"status":"passed","message":"","name":"/app/api/_lib/billing.test.ts"},{"assertionResults":[{"ancestorTitles":["boundedTtlCache"],"fullName":"boundedTtlCache removes expired entries","status":"passed","title":"removes expired entries","duration":2.95885300000009,"failureMessages":[],"meta":{},"tags":[]},{"ancestorTitles":["boundedTtlCache"],"fullName":"boundedTtlCache does not grow indefinitely","status":"passed","title":"does not grow indefinitely","duration":0.8425780000000032,"failureMessages":[],"meta":{},"tags":[]}],"startTime":1779916270722,"endTime":1779916270725.8425,"status":"passed","message":"","name":"/app/api/_lib/boundedTtlCache.test.ts"},{"assertionResults":[{"ancestorTitles":["fetchWithTimeout"],"fullName":"fetchWithTimeout aborts when timeout is reached","status":"passed","title":"aborts when timeout is reached","duration":4.758863000000019,"failureMessages":[],"meta":{},"tags":[]}],"startTime":1779916244929,"endTime":1779916244933.7588,"status":"passed","message":"","name":"/app/api/_lib/fetchWithTimeout.test.ts"},{"assertionResults":[{"ancestorTitles":["http helpers"],"fullName":"http helpers returns a generic 500 without leaking internal messages","status":"passed","title":"returns a generic 500 without leaking internal messages","duration":14.660396999999875,"failureMessages":[],"meta":{},"tags":[]},{"ancestorTitles":["http helpers"],"fullName":"http helpers limits JSON body size while preserving object format","status":"passed","title":"limits JSON body size while preserving object format","duration":4.020602999999937,"failureMessages":[],"meta":{},"tags":[]},{"ancestorTitles":["http helpers"],"fullName":"http helpers echoes only allowlisted CORS origins","status":"passed","title":"echoes only allowlisted CORS origins","duration":1.9851710000000367,"failureMessages":[],"meta":{},"tags":[]},{"ancestorTitles":["http helpers"],"fullName":"http helpers uses a trusted origin for redirects instead of raw request origin","status":"passed","title":"uses a trusted origin for redirects instead of raw request origin","duration":0.8986520000000837,"failureMessages":[],"meta":{},"tags":[]}],"startTime":1779916209286,"endTime":1779916209307.8987,"status":"passed","message":"","name":"/app/api/_lib/http.test.ts"},{"assertionResults":[{"ancestorTitles":["Idempotency"],"fullName":"Idempotency builds a unique key without period","status":"passed","title":"builds a unique key without period","duration":2.168768,"failureMessages":[],"meta":{},"tags":[]},{"ancestorTitles":["Idempotency"],"fullName":"Idempotency builds a unique key with period","status":"passed","title":"builds a unique key with period","duration":0.5463830000001053,"failureMessages":[],"meta":{},"tags":[]},{"ancestorTitles":["Idempotency"],"fullName":"Idempotency gets a daily period string based on UTC","status":"passed","title":"gets a daily period string based on UTC","duration":0.28540700000007746,"failureMessages":[],"meta":{},"tags":[]}],"startTime":1779916278950,"endTime":1779916278953.2854,"status":"passed","message":"","name":"/app/api/_lib/idempotency.test.ts"},{"assertionResults":[{"ancestorTitles":["sanitizeRedirectTarget"],"fullName":"sanitizeRedirectTarget rejects off-origin redirects","status":"passed","title":"rejects off-origin redirects","duration":2.7121370000002116,"failureMessages":[],"meta":{},"tags":[]},{"ancestorTitles":["sanitizeRedirectTarget"],"fullName":"sanitizeRedirectTarget rejects javascript URLs","status":"passed","title":"rejects javascript URLs","duration":0.6142879999999877,"failureMessages":[],"meta":{},"tags":[]},{"ancestorTitles":["sanitizeRedirectTarget"],"fullName":"sanitizeRedirectTarget accepts valid relative redirects","status":"passed","title":"accepts valid relative redirects","duration":0.5159590000000662,"failureMessages":[],"meta":{},"tags":[]},{"ancestorTitles":["sanitizeRedirectTarget"],"fullName":"sanitizeRedirectTarget accepts allowlisted origin redirects","status":"passed","title":"accepts allowlisted origin redirects","duration":0.549007999999958,"failureMessages":[],"meta":{},"tags":[]},{"ancestorTitles":["sanitizeRedirectTarget"],"fullName":"sanitizeRedirectTarget falls back on empty or malformed values","status":"passed","title":"falls back on empty or malformed values","duration":0.46198600000002443,"failureMessages":[],"meta":{},"tags":[]}],"startTime":1779916249581,"endTime":1779916249585.549,"status":"passed","message":"","name":"/app/api/_lib/oauthRedirect.test.ts"},{"assertionResults":[{"ancestorTitles":["oauthTokenCrypto"],"fullName":"oauthTokenCrypto encrypts and decrypts token payloads","status":"passed","title":"encrypts and decrypts token payloads","duration":3.9453929999999673,"failureMessages":[],"meta":{},"tags":[]},{"ancestorTitles":["oauthTokenCrypto"],"fullName":"oauthTokenCrypto keeps legacy plaintext token values readable","status":"passed","title":"keeps legacy plaintext token values readable","duration":0.3995680000000448,"failureMessages":[],"meta":{},"tags":[]}],"startTime":1779916266458,"endTime":1779916266462.3997,"status":"passed","message":"","name":"/app/api/_lib/oauthTokenCrypto.test.ts"},{"assertionResults":[{"ancestorTitles":["oauthTokenSecurity"],"fullName":"oauthTokenSecurity redacts access_token and refresh_token payloads","status":"passed","title":"redacts access_token and refresh_token payloads","duration":2.737015000000156,"failureMessages":[],"meta":{},"tags":[]},{"ancestorTitles":["oauthTokenSecurity"],"fullName":"oauthTokenSecurity returns warning when encryption is not configured","status":"passed","title":"returns warning when encryption is not configured","duration":0.8167570000000524,"failureMessages":[],"meta":{},"tags":[]},{"ancestorTitles":["oauthTokenSecurity"],"fullName":"oauthTokenSecurity does not claim encryption when mode is missing","status":"passed","title":"does not claim encryption when mode is missing","duration":0.2655889999998635,"failureMessages":[],"meta":{},"tags":[]},{"ancestorTitles":["oauthTokenSecurity"],"fullName":"oauthTokenSecurity blocks storage when plaintext_blocked","status":"passed","title":"blocks storage when plaintext_blocked","duration":1.1224700000000212,"failureMessages":[],"meta":{},"tags":[]}],"startTime":1779916251145,"endTime":1779916251150.1226,"status":"passed","message":"","name":"/app/api/_lib/oauthTokenSecurity.test.ts"},{"assertionResults":[{"ancestorTitles":["pii redaction"],"fullName":"pii redaction redacts email phone cpf and nested tokens","status":"passed","title":"redacts email phone cpf and nested tokens","duration":5.190966000000117,"failureMessages":[],"meta":{},"tags":[]},{"ancestorTitles":["pii redaction"],"fullName":"pii redaction redacts token query and removes base64 image and truncates","status":"passed","title":"redacts token query and removes base64 image and truncates","duration":0.8765189999999166,"failureMessages":[],"meta":{},"tags":[]}],"startTime":1779916255152,"endTime":1779916255157.8765,"status":"passed","message":"","name":"/app/api/_lib/piiRedaction.test.ts"},{"assertionResults":[{"ancestorTitles":["redact helpers"],"fullName":"redact helpers redacts Authorization bearer values","status":"passed","title":"redacts Authorization bearer values","duration":10.27542399999993,"failureMessages":[],"meta":{},"tags":[]},{"ancestorTitles":["redact helpers"],"fullName":"redact helpers redacts token fields in metadata","status":"passed","title":"redacts token fields in metadata","duration":1.7452230000001236,"failureMessages":[],"meta":{},"tags":[]},{"ancestorTitles":["redact helpers"],"fullName":"redact helpers redacts emails in strings and fields","status":"passed","title":"redacts emails in strings and fields","duration":1.1036489999999048,"failureMessages":[],"meta":{},"tags":[]},{"ancestorTitles":["redact helpers"],"fullName":"redact helpers redacts base64 image payloads and truncates oversized metadata","status":"passed","title":"redacts base64 image payloads and truncates oversized metadata","duration":17.44259100000022,"failureMessages":[],"meta":{},"tags":[]}],"startTime":1779916216600,"endTime":1779916216630.4426,"status":"passed","message":"","name":"/app/api/_lib/redact.test.ts"},{"assertionResults":[{"ancestorTitles":["redirect allowlist"],"fullName":"redirect allowlist allows safe relative path","status":"passed","title":"allows safe relative path","duration":2.868015000000014,"failureMessages":[],"meta":{},"tags":[]},{"ancestorTitles":["redirect allowlist"],"fullName":"redirect allowlist allows configured official origin","status":"passed","title":"allows configured official origin","duration":0.7685810000000401,"failureMessages":[],"meta":{},"tags":[]},{"ancestorTitles":["redirect allowlist"],"fullName":"redirect allowlist blocks external domain and spoofed subdomain","status":"passed","title":"blocks external domain and spoofed subdomain","duration":0.4226129999999557,"failureMessages":[],"meta":{},"tags":[]},{"ancestorTitles":["redirect allowlist"],"fullName":"redirect allowlist blocks javascript and invalid url","status":"passed","title":"blocks javascript and invalid url","duration":0.5482190000000173,"failureMessages":[],"meta":{},"tags":[]}],"startTime":1779916263276,"endTime":1779916263280.5483,"status":"passed","message":"","name":"/app/api/_lib/redirectAllowlist.test.ts"},{"assertionResults":[{"ancestorTitles":["retryPolicy"],"fullName":"retryPolicy retries transient 5xx responses","status":"passed","title":"retries transient 5xx responses","duration":5.518847000000051,"failureMessages":[],"meta":{},"tags":[]},{"ancestorTitles":["retryPolicy"],"fullName":"retryPolicy does not retry 400 responses","status":"passed","title":"does not retry 400 responses","duration":0.8428599999999733,"failureMessages":[],"meta":{},"tags":[]},{"ancestorTitles":["retryPolicy"],"fullName":"retryPolicy does not retry 401 responses","status":"passed","title":"does not retry 401 responses","duration":0.40982099999996535,"failureMessages":[],"meta":{},"tags":[]},{"ancestorTitles":["retryPolicy"],"fullName":"retryPolicy does not retry 403 responses","status":"passed","title":"does not retry 403 responses","duration":0.4885750000000826,"failureMessages":[],"meta":{},"tags":[]},{"ancestorTitles":["retryPolicy"],"fullName":"retryPolicy does not retry 429 responses","status":"passed","title":"does not retry 429 responses","duration":0.4787279999998191,"failureMessages":[],"meta":{},"tags":[]}],"startTime":1779916232185,"endTime":1779916232192.4885,"status":"passed","message":"","name":"/app/api/_lib/retryPolicy.test.ts"},{"assertionResults":[{"ancestorTitles":["minimizeStripeWebhookPayload"],"fullName":"minimizeStripeWebhookPayload keeps event audit fields and subscription object identifiers","status":"passed","title":"keeps event audit fields and subscription object identifiers","duration":3.302122000000054,"failureMessages":[],"meta":{},"tags":[]},{"ancestorTitles":["minimizeStripeWebhookPayload"],"fullName":"minimizeStripeWebhookPayload keeps checkout session subscription, amount and currency without free metadata","status":"passed","title":"keeps checkout session subscription, amount and currency without free metadata","duration":0.7099249999998847,"failureMessages":[],"meta":{},"tags":[]},{"ancestorTitles":["minimizeStripeWebhookPayload"],"fullName":"minimizeStripeWebhookPayload does not include sensitive Stripe, customer or request details","status":"passed","title":"does not include sensitive Stripe, customer or request details","duration":1.3356519999999819,"failureMessages":[],"meta":{},"tags":[]},{"ancestorTitles":["minimizeStripeWebhookPayload"],"fullName":"minimizeStripeWebhookPayload does not mutate the original event used for in-memory subscription processing","status":"passed","title":"does not mutate the original event used for in-memory subscription processing","duration":0.28099199999996927,"failureMessages":[],"meta":{},"tags":[]},{"ancestorTitles":["minimizeStripeWebhookPayload"],"fullName":"minimizeStripeWebhookPayload handles unknown event objects without storing raw fields","status":"passed","title":"handles unknown event objects without storing raw fields","duration":0.5324209999998857,"failureMessages":[],"meta":{},"tags":[]}],"startTime":1779916240708,"endTime":1779916240714.5325,"status":"passed","message":"","name":"/app/api/_lib/stripe-webhook-payload.test.ts"},{"assertionResults":[{"ancestorTitles":["workoutHistoryAdapter"],"fullName":"workoutHistoryAdapter handles empty or invalid inputs gracefully","status":"passed","title":"handles empty or invalid inputs gracefully","duration":3.6205139999999574,"failureMessages":[],"meta":{},"tags":[]},{"ancestorTitles":["workoutHistoryAdapter"],"fullName":"workoutHistoryAdapter converts a valid store history record to WorkoutSession correctly","status":"passed","title":"converts a valid store history record to WorkoutSession correctly","duration":2.567385999999942,"failureMessages":[],"meta":{},"tags":[]},{"ancestorTitles":["workoutHistoryAdapter"],"fullName":"workoutHistoryAdapter ignores invalid exercises without crashing","status":"passed","title":"ignores invalid exercises without crashing","duration":0.6646900000000642,"failureMessages":[],"meta":{},"tags":[]},{"ancestorTitles":["workoutHistoryAdapter"],"fullName":"workoutHistoryAdapter preserves exerciseId and exerciseName from different formats","status":"passed","title":"preserves exerciseId and exerciseName from different formats","duration":0.4973979999999756,"failureMessages":[],"meta":{},"tags":[]},{"ancestorTitles":["workoutHistoryAdapter"],"fullName":"workoutHistoryAdapter works with missing optional fields","status":"passed","title":"works with missing optional fields","duration":0.3617980000001353,"failureMessages":[],"meta":{},"tags":[]},{"ancestorTitles":["workoutHistoryAdapter"],"fullName":"workoutHistoryAdapter normalizes legacy payload format correctly (sets as array)","status":"passed","title":"normalizes legacy payload format correctly (sets as array)","duration":0.6484660000000986,"failureMessages":[],"meta":{},"tags":[]},{"ancestorTitles":["workoutHistoryAdapter"],"fullName":"workoutHistoryAdapter falls back to actualWeight/rpe if set values are missing in setLogs","status":"passed","title":"falls back to actualWeight/rpe if set values are missing in setLogs","duration":0.47611800000004223,"failureMessages":[],"meta":{},"tags":[]}],"startTime":1779916230822,"endTime":1779916230830.6484,"status":"passed","message":"","name":"/app/src/adapters/workoutHistoryAdapter.test.ts"},{"assertionResults":[{"ancestorTitles":["product surface flags for private beta"],"fullName":"product surface flags for private beta keeps the core surface explicit","status":"passed","title":"keeps the core surface explicit","duration":3.6270150000000285,"failureMessages":[],"meta":{},"tags":[]},{"ancestorTitles":["product surface flags for private beta"],"fullName":"product surface flags for private beta hides beta, internal and off surfaces from regular users by default","status":"passed","title":"hides beta, internal and off surfaces from regular users by default","duration":1.1868079999999281,"failureMessages":[],"meta":{},"tags":[]},{"ancestorTitles":["product surface flags for private beta"],"fullName":"product surface flags for private beta allows beta users to see beta surfaces but not internal/off surfaces","status":"passed","title":"allows beta users to see beta surfaces but not internal/off surfaces","duration":0.9856680000000324,"failureMessages":[],"meta":{},"tags":[]},{"ancestorTitles":["product surface flags for private beta"],"fullName":"product surface flags for private beta allows internal users to see internal surfaces while off surfaces stay hidden","status":"passed","title":"allows internal users to see internal surfaces while off surfaces stay hidden","duration":0.6534560000000056,"failureMessages":[],"meta":{},"tags":[]},{"ancestorTitles":["product surface flags for private beta"],"fullName":"product surface flags for private beta lets local overrides enable beta surfaces without enabling off surfaces","status":"passed","title":"lets local overrides enable beta surfaces without enabling off surfaces","duration":0.6593040000000201,"failureMessages":[],"meta":{},"tags":[]}],"startTime":1779916227015,"endTime":1779916227022.6594,"status":"passed","message":"","name":"/app/src/config/featureFlags.test.ts"},{"assertionResults":[{"ancestorTitles":["ActiveWorkoutView"],"fullName":"ActiveWorkoutView renders the active exercise with workout context and previous performance data","status":"passed","title":"renders the active exercise with workout context and previous performance data","duration":366.3750359999999,"failureMessages":[],"meta":{},"tags":[]},{"ancestorTitles":["ActiveWorkoutView"],"fullName":"ActiveWorkoutView updates set metrics and performance notes through the rendered controls","status":"passed","title":"updates set metrics and performance notes through the rendered controls","duration":82.52385999999979,"failureMessages":[],"meta":{},"tags":[]},{"ancestorTitles":["ActiveWorkoutView"],"fullName":"ActiveWorkoutView advances between exercises and completes the day with updated completion state","status":"passed","title":"advances between exercises and completes the day with updated completion state","duration":203.02044999999998,"failureMessages":[],"meta":{},"tags":[]},{"ancestorTitles":["ActiveWorkoutView"],"fullName":"ActiveWorkoutView hides the progression suggestion card when the feature flag is disabled","status":"passed","title":"hides the progression suggestion card when the feature flag is disabled","duration":38.49408600000015,"failureMessages":[],"meta":{},"tags":[]},{"ancestorTitles":["ActiveWorkoutView"],"fullName":"ActiveWorkoutView renders the progression suggestion card and routes accept and dismiss actions to mocked hooks","status":"passed","title":"renders the progression suggestion card and routes accept and dismiss actions to mocked hooks","duration":67.76007600000003,"failureMessages":[],"meta":{},"tags":[]},{"ancestorTitles":["ActiveWorkoutView"],"fullName":"ActiveWorkoutView supports plan mode close and plan update callbacks without completing a day","status":"passed","title":"supports plan mode close and plan update callbacks without completing a day","duration":29.869226999999682,"failureMessages":[],"meta":{},"tags":[]}],"startTime":1779916184704,"endTime":1779916185492.8691,"status":"passed","message":"","name":"/app/src/components/ActiveWorkoutView.test.tsx"},{"assertionResults":[{"ancestorTitles":["AppUpdateBanner"],"fullName":"AppUpdateBanner renders nothing initially when there is no update","status":"passed","title":"renders nothing initially when there is no update","duration":24.158122999999932,"failureMessages":[],"meta":{},"tags":[]},{"ancestorTitles":["AppUpdateBanner"],"fullName":"AppUpdateBanner renders the banner when an update is available","status":"passed","title":"renders the banner when an update is available","duration":299.6288969999998,"failureMessages":[],"meta":{},"tags":[]},{"ancestorTitles":["AppUpdateBanner"],"fullName":"AppUpdateBanner calls reloadForUpdate when update button is clicked","status":"passed","title":"calls reloadForUpdate when update button is clicked","duration":24.791905999999926,"failureMessages":[],"meta":{},"tags":[]},{"ancestorTitles":["AppUpdateBanner"],"fullName":"AppUpdateBanner hides the banner when the close button is clicked","status":"passed","title":"hides the banner when the close button is clicked","duration":23.87454200000002,"failureMessages":[],"meta":{},"tags":[]}],"startTime":1779916189466,"endTime":1779916189837.8745,"status":"passed","message":"","name":"/app/src/components/AppUpdateBanner.test.tsx"},{"assertionResults":[{"ancestorTitles":["BottomNav"],"fullName":"BottomNav renders default navigation items","status":"passed","title":"renders default navigation items","duration":96.59719100000007,"failureMessages":[],"meta":{},"tags":[]},{"ancestorTitles":["BottomNav"],"fullName":"BottomNav renders custom items when provided","status":"passed","title":"renders custom items when provided","duration":10.947745000000168,"failureMessages":[],"meta":{},"tags":[]},{"ancestorTitles":["BottomNav"],"fullName":"BottomNav has accessible navigation landmark","status":"passed","title":"has accessible navigation landmark","duration":163.76335199999994,"failureMessages":[],"meta":{},"tags":[]},{"ancestorTitles":["BottomNav"],"fullName":"BottomNav renders all items as buttons","status":"passed","title":"renders all items as buttons","duration":37.96057199999996,"failureMessages":[],"meta":{},"tags":[]},{"ancestorTitles":["BottomNav"],"fullName":"BottomNav calls onChange with item id when clicked","status":"passed","title":"calls onChange with item id when clicked","duration":20.326250999999957,"failureMessages":[],"meta":{},"tags":[]},{"ancestorTitles":["BottomNav"],"fullName":"BottomNav applies active styling to the active item","status":"passed","title":"applies active styling to the active item","duration":27.083202999999912,"failureMessages":[],"meta":{},"tags":[]}],"startTime":1779916189368,"endTime":1779916189725.0833,"status":"passed","message":"","name":"/app/src/components/BottomNav.test.tsx"},{"assertionResults":[{"ancestorTitles":["ConnectivityBanner"],"fullName":"ConnectivityBanner renders online state with 0 pending items","status":"passed","title":"renders online state with 0 pending items","duration":96.80820999999992,"failureMessages":[],"meta":{},"tags":[]},{"ancestorTitles":["ConnectivityBanner"],"fullName":"ConnectivityBanner renders offline state when navigator is offline","status":"passed","title":"renders offline state when navigator is offline","duration":15.290376999999808,"failureMessages":[],"meta":{},"tags":[]},{"ancestorTitles":["ConnectivityBanner"],"fullName":"ConnectivityBanner updates state when offline event is fired","status":"passed","title":"updates state when offline event is fired","duration":10.194662999999991,"failureMessages":[],"meta":{},"tags":[]},{"ancestorTitles":["ConnectivityBanner"],"fullName":"ConnectivityBanner updates state and syncs when online event is fired","status":"passed","title":"updates state and syncs when online event is fired","duration":9.573450000000093,"failureMessages":[],"meta":{},"tags":[]}],"startTime":1779916197039,"endTime":1779916197170.5735,"status":"passed","message":"","name":"/app/src/components/ConnectivityBanner.test.tsx"},{"assertionResults":[{"ancestorTitles":["ExerciseLibraryModal"],"fullName":"ExerciseLibraryModal renders the exercise library and closes through the modal action","status":"passed","title":"renders the exercise library and closes through the modal action","duration":555.4489970000002,"failureMessages":[],"meta":{},"tags":[]},{"ancestorTitles":["ExerciseLibraryModal"],"fullName":"ExerciseLibraryModal filters by search text and shows the empty state when no exercise matches","status":"passed","title":"filters by search text and shows the empty state when no exercise matches","duration":105.29538400000001,"failureMessages":[],"meta":{},"tags":[]},{"ancestorTitles":["ExerciseLibraryModal"],"fullName":"ExerciseLibraryModal persists favorites and limits the list to favorite exercises","status":"passed","title":"persists favorites and limits the list to favorite exercises","duration":235.02764500000012,"failureMessages":[],"meta":{},"tags":[]},{"ancestorTitles":["ExerciseLibraryModal"],"fullName":"ExerciseLibraryModal creates a custom exercise and stores its tags locally","status":"passed","title":"creates a custom exercise and stores its tags locally","duration":471.806145,"failureMessages":[],"meta":{},"tags":[]}],"startTime":1779916184657,"endTime":1779916186024.8062,"status":"passed","message":"","name":"/app/src/components/ExerciseLibraryModal.test.tsx"},{"assertionResults":[{"ancestorTitles":["ExportPanel"],"fullName":"ExportPanel renders plan, history, and backup actions through the premium gate","status":"passed","title":"renders plan, history, and backup actions through the premium gate","duration":287.7726359999999,"failureMessages":[],"meta":{},"tags":[]},{"ancestorTitles":["ExportPanel"],"fullName":"ExportPanel shows the empty plan state without hiding history and backup controls","status":"passed","title":"shows the empty plan state without hiding history and backup controls","duration":46.03258000000005,"failureMessages":[],"meta":{},"tags":[]},{"ancestorTitles":["ExportPanel"],"fullName":"ExportPanel exports workout history as a BOM-prefixed CSV download","status":"passed","title":"exports workout history as a BOM-prefixed CSV download","duration":41.7692999999997,"failureMessages":[],"meta":{},"tags":[]},{"ancestorTitles":["ExportPanel"],"fullName":"ExportPanel downloads a complete JSON backup using the current app data","status":"passed","title":"downloads a complete JSON backup using the current app data","duration":40.436067000000094,"failureMessages":[],"meta":{},"tags":[]},{"ancestorTitles":["ExportPanel"],"fullName":"ExportPanel renders printable workout HTML and prints it in a new window","status":"passed","title":"renders printable workout HTML and prints it in a new window","duration":62.22621100000015,"failureMessages":[],"meta":{},"tags":[]},{"ancestorTitles":["ExportPanel"],"fullName":"ExportPanel restores a valid backup file and reports invalid backup files","status":"passed","title":"restores a valid backup file and reports invalid backup files","duration":52.783668000000034,"failureMessages":[],"meta":{},"tags":[]}],"startTime":1779916187220,"endTime":1779916187751.7837,"status":"passed","message":"","name":"/app/src/components/ExportPanel.test.tsx"},{"assertionResults":[{"ancestorTitles":["ImportWorkoutView"],"fullName":"ImportWorkoutView renders the local import controls and routes the close action","status":"passed","title":"renders the local import controls and routes the close action","duration":259.61902899999995,"failureMessages":[],"meta":{},"tags":[]},{"ancestorTitles":["ImportWorkoutView"],"fullName":"ImportWorkoutView prepares a PDF draft with normalized crop data and calls the import callback","status":"passed","title":"prepares a PDF draft with normalized crop data and calls the import callback","duration":165.3920119999998,"failureMessages":[],"meta":{},"tags":[]},{"ancestorTitles":["ImportWorkoutView"],"fullName":"ImportWorkoutView shows blocked guard feedback and forwards blocked drafts for unsupported files","status":"passed","title":"shows blocked guard feedback and forwards blocked drafts for unsupported files","duration":52.83905899999991,"failureMessages":[],"meta":{},"tags":[]},{"ancestorTitles":["ImportWorkoutView"],"fullName":"ImportWorkoutView renders the loading fallback without exposing file selection actions","status":"passed","title":"renders the loading fallback without exposing file selection actions","duration":16.284877999999935,"failureMessages":[],"meta":{},"tags":[]}],"startTime":1779916187689,"endTime":1779916188183.285,"status":"passed","message":"","name":"/app/src/components/ImportWorkoutView.test.tsx"},{"assertionResults":[{"ancestorTitles":["OnboardingTour"],"fullName":"OnboardingTour renders the first step with welcome title","status":"passed","title":"renders the first step with welcome title","duration":137.52591599999982,"failureMessages":[],"meta":{},"tags":[]},{"ancestorTitles":["OnboardingTour"],"fullName":"OnboardingTour advances to next step when clicking \"Próximo\"","status":"passed","title":"advances to next step when clicking \"Próximo\"","duration":167.465821,"failureMessages":[],"meta":{},"tags":[]},{"ancestorTitles":["OnboardingTour"],"fullName":"OnboardingTour goes back to previous step when clicking \"Anterior\"","status":"passed","title":"goes back to previous step when clicking \"Anterior\"","duration":77.43861400000014,"failureMessages":[],"meta":{},"tags":[]},{"ancestorTitles":["OnboardingTour"],"fullName":"OnboardingTour shows \"Começar\" button on the last step","status":"passed","title":"shows \"Começar\" button on the last step","duration":172.4504619999998,"failureMessages":[],"meta":{},"tags":[]},{"ancestorTitles":["OnboardingTour"],"fullName":"OnboardingTour calls onComplete when \"Começar\" is clicked","status":"passed","title":"calls onComplete when \"Começar\" is clicked","duration":117.8979589999999,"failureMessages":[],"meta":{},"tags":[]},{"ancestorTitles":["OnboardingTour"],"fullName":"OnboardingTour calls onSkip when \"Pular\" is clicked","status":"passed","title":"calls onSkip when \"Pular\" is clicked","duration":18.7062719999999,"failureMessages":[],"meta":{},"tags":[]},{"ancestorTitles":["OnboardingTour"],"fullName":"OnboardingTour renders correct number of step indicators","status":"passed","title":"renders correct number of step indicators","duration":16.869422999999642,"failureMessages":[],"meta":{},"tags":[]}],"startTime":1779916184510,"endTime":1779916185218.8694,"status":"passed","message":"","name":"/app/src/components/OnboardingTour.test.tsx"},{"assertionResults":[{"ancestorTitles":["ProgressionSuggestionCard"],"fullName":"ProgressionSuggestionCard renders suggestion for increase action","status":"passed","title":"renders suggestion for increase action","duration":63.91207600000007,"failureMessages":[],"meta":{},"tags":[]},{"ancestorTitles":["ProgressionSuggestionCard"],"fullName":"ProgressionSuggestionCard renders previous load and suggested load","status":"passed","title":"renders previous load and suggested load","duration":10.10645199999999,"failureMessages":[],"meta":{},"tags":[]},{"ancestorTitles":["ProgressionSuggestionCard"],"fullName":"ProgressionSuggestionCard renders decrease action with amber accent","status":"passed","title":"renders decrease action with amber accent","duration":7.663283999999976,"failureMessages":[],"meta":{},"tags":[]},{"ancestorTitles":["ProgressionSuggestionCard"],"fullName":"ProgressionSuggestionCard calls onAccept when Aceitar is clicked","status":"passed","title":"calls onAccept when Aceitar is clicked","duration":10.297377000000097,"failureMessages":[],"meta":{},"tags":[]},{"ancestorTitles":["ProgressionSuggestionCard"],"fullName":"ProgressionSuggestionCard calls onDismiss when Manter Atual is clicked","status":"passed","title":"calls onDismiss when Manter Atual is clicked","duration":8.537321999999904,"failureMessages":[],"meta":{},"tags":[]},{"ancestorTitles":["ProgressionSuggestionCard"],"fullName":"ProgressionSuggestionCard returns null for insufficient_data action","status":"passed","title":"returns null for insufficient_data action","duration":2.9156860000000506,"failureMessages":[],"meta":{},"tags":[]},{"ancestorTitles":["ProgressionSuggestionCard"],"fullName":"ProgressionSuggestionCard returns null when suggestedLoad is undefined","status":"passed","title":"returns null when suggestedLoad is undefined","duration":1.6306770000001052,"failureMessages":[],"meta":{},"tags":[]},{"ancestorTitles":["ProgressionSuggestionCard"],"fullName":"ProgressionSuggestionCard does not crash with missing optional fields","status":"passed","title":"does not crash with missing optional fields","duration":5.0866399999999885,"failureMessages":[],"meta":{},"tags":[]}],"startTime":1779916195334,"endTime":1779916195444.0867,"status":"passed","message":"","name":"/app/src/components/ProgressionSuggestionCard.test.tsx"},{"assertionResults":[{"ancestorTitles":["ReadinessCard"],"fullName":"ReadinessCard renders placeholder when checkin is null","status":"passed","title":"renders placeholder when checkin is null","duration":76.79414399999996,"failureMessages":[],"meta":{},"tags":[]},{"ancestorTitles":["ReadinessCard"],"fullName":"ReadinessCard renders readiness metrics when checkin is provided","status":"passed","title":"renders readiness metrics when checkin is provided","duration":25.768466999999873,"failureMessages":[],"meta":{},"tags":[]}],"startTime":1779916197070,"endTime":1779916197172.7686,"status":"passed","message":"","name":"/app/src/components/ReadinessCard.test.tsx"},{"assertionResults":[{"ancestorTitles":["RegistrationForm"],"fullName":"RegistrationForm renders initial form fields correctly","status":"passed","title":"renders initial form fields correctly","duration":260.658766,"failureMessages":[],"meta":{},"tags":[]},{"ancestorTitles":["RegistrationForm"],"fullName":"RegistrationForm updates input values when typing","status":"passed","title":"updates input values when typing","duration":24.349591000000146,"failureMessages":[],"meta":{},"tags":[]},{"ancestorTitles":["RegistrationForm"],"fullName":"RegistrationForm calls onRegister and saves to localStorage on submit","status":"passed","title":"calls onRegister and saves to localStorage on submit","duration":50.81340399999999,"failureMessages":[],"meta":{},"tags":[]}],"startTime":1779916189902,"endTime":1779916190237.8135,"status":"passed","message":"","name":"/app/src/components/RegistrationForm.test.tsx"},{"assertionResults":[{"ancestorTitles":["ThemeSelector"],"fullName":"ThemeSelector renders available themes","status":"passed","title":"renders available themes","duration":135.391658,"failureMessages":[],"meta":{},"tags":[]},{"ancestorTitles":["ThemeSelector"],"fullName":"ThemeSelector shows locked state for premium themes when user is not premium","status":"passed","title":"shows locked state for premium themes when user is not premium","duration":13.80089699999985,"failureMessages":[],"meta":{},"tags":[]},{"ancestorTitles":["ThemeSelector"],"fullName":"ThemeSelector calls applyTheme and onThemeChange when a theme is selected","status":"passed","title":"calls applyTheme and onThemeChange when a theme is selected","duration":20.58434599999987,"failureMessages":[],"meta":{},"tags":[]},{"ancestorTitles":["ThemeSelector"],"fullName":"ThemeSelector shows blocked message if applyTheme fails (e.g. server validation)","status":"passed","title":"shows blocked message if applyTheme fails (e.g. server validation)","duration":12.77845400000001,"failureMessages":[],"meta":{},"tags":[]}],"startTime":1779916193439,"endTime":1779916193621.7786,"status":"passed","message":"","name":"/app/src/components/ThemeSelector.test.tsx"},{"assertionResults":[{"ancestorTitles":["WeeklyReportCard"],"fullName":"WeeklyReportCard renders initial state correctly","status":"passed","title":"renders initial state correctly","duration":255.78637000000003,"failureMessages":[],"meta":{},"tags":[]},{"ancestorTitles":["WeeklyReportCard"],"fullName":"WeeklyReportCard calls generateWeeklyReport and displays the result","status":"passed","title":"calls generateWeeklyReport and displays the result","duration":32.28519400000005,"failureMessages":[],"meta":{},"tags":[]},{"ancestorTitles":["WeeklyReportCard"],"fullName":"WeeklyReportCard handles errors from generateWeeklyReport gracefully","status":"passed","title":"handles errors from generateWeeklyReport gracefully","duration":22.53698899999995,"failureMessages":[],"meta":{},"tags":[]}],"startTime":1779916191453,"endTime":1779916191763.537,"status":"passed","message":"","name":"/app/src/components/WeeklyReportCard.test.tsx"},{"assertionResults":[{"ancestorTitles":["platform block registry"],"fullName":"platform block registry keeps blocks 11-20 explicit with 20 items each","status":"passed","title":"keeps blocks 11-20 explicit with 20 items each","duration":10.040902999999844,"failureMessages":[],"meta":{},"tags":[]},{"ancestorTitles":["platform block registry"],"fullName":"platform block registry classifies platform blocks for the private beta surface","status":"passed","title":"classifies platform blocks for the private beta surface","duration":1.2663139999999657,"failureMessages":[],"meta":{},"tags":[]}],"startTime":1779916210993,"endTime":1779916211004.2664,"status":"passed","message":"","name":"/app/src/data/platformBlocks.test.ts"},{"assertionResults":[{"ancestorTitles":["useAppNavigation"],"fullName":"useAppNavigation initializes the view store with the requested initial view","status":"passed","title":"initializes the view store with the requested initial view","duration":23.129985999999917,"failureMessages":[],"meta":{},"tags":[]},{"ancestorTitles":["useAppNavigation"],"fullName":"useAppNavigation does not overwrite an already initialized view","status":"passed","title":"does not overwrite an already initialized view","duration":3.3223809999999503,"failureMessages":[],"meta":{},"tags":[]},{"ancestorTitles":["useAppNavigation"],"fullName":"useAppNavigation navigates through explicit view actions","status":"passed","title":"navigates through explicit view actions","duration":5.96498500000007,"failureMessages":[],"meta":{},"tags":[]}],"startTime":1779916206485,"endTime":1779916206516.965,"status":"passed","message":"","name":"/app/src/hooks/useAppNavigation.test.ts"},{"assertionResults":[{"ancestorTitles":["useApplyProgressionSuggestion"],"fullName":"useApplyProgressionSuggestion acceptSuggestion calls onApplyLoad with suggested load","status":"passed","title":"acceptSuggestion calls onApplyLoad with suggested load","duration":27.204147999999805,"failureMessages":[],"meta":{},"tags":[]},{"ancestorTitles":["useApplyProgressionSuggestion"],"fullName":"useApplyProgressionSuggestion rejectSuggestion sets isDismissed to true","status":"passed","title":"rejectSuggestion sets isDismissed to true","duration":5.024965999999949,"failureMessages":[],"meta":{},"tags":[]},{"ancestorTitles":["useApplyProgressionSuggestion"],"fullName":"useApplyProgressionSuggestion handles null suggestion gracefully","status":"passed","title":"handles null suggestion gracefully","duration":4.563216000000011,"failureMessages":[],"meta":{},"tags":[]},{"ancestorTitles":["useApplyProgressionSuggestion"],"fullName":"useApplyProgressionSuggestion starts with isDismissed false","status":"passed","title":"starts with isDismissed false","duration":3.2900300000001153,"failureMessages":[],"meta":{},"tags":[]}],"startTime":1779916204877,"endTime":1779916204917.29,"status":"passed","message":"","name":"/app/src/hooks/useApplyProgressionSuggestion.test.ts"},{"assertionResults":[{"ancestorTitles":["useAuthState"],"fullName":"useAuthState refreshes the session on sign in and token refresh events","status":"passed","title":"refreshes the session on sign in and token refresh events","duration":21.445148000000017,"failureMessages":[],"meta":{},"tags":[]},{"ancestorTitles":["useAuthState"],"fullName":"useAuthState ignores auth events that do not require a session refresh","status":"passed","title":"ignores auth events that do not require a session refresh","duration":3.687794000000167,"failureMessages":[],"meta":{},"tags":[]},{"ancestorTitles":["useAuthState"],"fullName":"useAuthState unsubscribes from auth changes on unmount","status":"passed","title":"unsubscribes from auth changes on unmount","duration":3.6309100000000853,"failureMessages":[],"meta":{},"tags":[]}],"startTime":1779916209114,"endTime":1779916209142.6309,"status":"passed","message":"","name":"/app/src/hooks/useAuthState.test.ts"},{"assertionResults":[{"ancestorTitles":["useCheckinManager"],"fullName":"useCheckinManager applies daily checkins from the mocked query into local state and the app store","status":"passed","title":"applies daily checkins from the mocked query into local state and the app store","duration":53.30184999999983,"failureMessages":[],"meta":{},"tags":[]},{"ancestorTitles":["useCheckinManager"],"fullName":"useCheckinManager saves a daily checkin, refreshes query data and triggers engagement side effects","status":"passed","title":"saves a daily checkin, refreshes query data and triggers engagement side effects","duration":32.50462300000004,"failureMessages":[],"meta":{},"tags":[]},{"ancestorTitles":["useCheckinManager"],"fullName":"useCheckinManager normalizes save errors, stores the message and captures telemetry","status":"passed","title":"normalizes save errors, stores the message and captures telemetry","duration":7.691066000000092,"failureMessages":[],"meta":{},"tags":[]},{"ancestorTitles":["useCheckinManager"],"fullName":"useCheckinManager maps a recovery checkin to a daily checkin before saving it","status":"passed","title":"maps a recovery checkin to a daily checkin before saving it","duration":6.965071999999964,"failureMessages":[],"meta":{},"tags":[]}],"startTime":1779916198778,"endTime":1779916198878.965,"status":"passed","message":"","name":"/app/src/hooks/useCheckinManager.test.ts"},{"assertionResults":[{"ancestorTitles":["useCheckinManager"],"fullName":"useCheckinManager applies mocked query data to local state and the app store on mount","status":"passed","title":"applies mocked query data to local state and the app store on mount","duration":30.59514000000013,"failureMessages":[],"meta":{},"tags":[]},{"ancestorTitles":["useCheckinManager"],"fullName":"useCheckinManager refreshes daily checkins from a mocked refetch result","status":"passed","title":"refreshes daily checkins from a mocked refetch result","duration":6.090515000000096,"failureMessages":[],"meta":{},"tags":[]},{"ancestorTitles":["useCheckinManager"],"fullName":"useCheckinManager saves a daily checkin, refreshes engagement and records the gamification side effect","status":"passed","title":"saves a daily checkin, refreshes engagement and records the gamification side effect","duration":6.129373999999871,"failureMessages":[],"meta":{},"tags":[]},{"ancestorTitles":["useCheckinManager"],"fullName":"useCheckinManager normalizes save errors, exposes the message and captures telemetry","status":"passed","title":"normalizes save errors, exposes the message and captures telemetry","duration":6.035501999999951,"failureMessages":[],"meta":{},"tags":[]},{"ancestorTitles":["useCheckinManager"],"fullName":"useCheckinManager converts a recovery checkin into a daily checkin and refreshes after the mocked save","status":"passed","title":"converts a recovery checkin into a daily checkin and refreshes after the mocked save","duration":7.834997000000158,"failureMessages":[],"meta":{},"tags":[]}],"startTime":1779916200401,"endTime":1779916200457.835,"status":"passed","message":"","name":"/app/src/hooks/useCheckinManager.test.tsx"},{"assertionResults":[{"ancestorTitles":["useDailyCheckinsQuery"],"fullName":"useDailyCheckinsQuery starts in a loading state and resolves mocked daily checkins into the query cache","status":"passed","title":"starts in a loading state and resolves mocked daily checkins into the query cache","duration":89.05002799999988,"failureMessages":[],"meta":{},"tags":[]},{"ancestorTitles":["useDailyCheckinsQuery"],"fullName":"useDailyCheckinsQuery exposes a mocked service error without retrying or falling through to real services","status":"passed","title":"exposes a mocked service error without retrying or falling through to real services","duration":58.33737600000018,"failureMessages":[],"meta":{},"tags":[]}],"startTime":1779916195166,"endTime":1779916195313.3374,"status":"passed","message":"","name":"/app/src/hooks/useDailyCheckinsQuery.test.tsx"},{"assertionResults":[{"ancestorTitles":["useHydrationStateQuery"],"fullName":"useHydrationStateQuery starts in a loading state and resolves mocked hydration state into the query cache","status":"passed","title":"starts in a loading state and resolves mocked hydration state into the query cache","duration":83.98807499999998,"failureMessages":[],"meta":{},"tags":[]},{"ancestorTitles":["useHydrationStateQuery"],"fullName":"useHydrationStateQuery exposes a mocked service error without retrying","status":"passed","title":"exposes a mocked service error without retrying","duration":56.83872300000007,"failureMessages":[],"meta":{},"tags":[]}],"startTime":1779916194799,"endTime":1779916194939.8386,"status":"passed","message":"","name":"/app/src/hooks/useHydrationStateQuery.test.tsx"},{"assertionResults":[{"ancestorTitles":["useSaveDailyCheckinMutation"],"fullName":"useSaveDailyCheckinMutation calls the mocked save service with the payload and invalidates daily checkins on success","status":"passed","title":"calls the mocked save service with the payload and invalidates daily checkins on success","duration":92.71557399999983,"failureMessages":[],"meta":{},"tags":[]},{"ancestorTitles":["useSaveDailyCheckinMutation"],"fullName":"useSaveDailyCheckinMutation moves through pending state while the mocked save service is unresolved","status":"passed","title":"moves through pending state while the mocked save service is unresolved","duration":116.03738799999996,"failureMessages":[],"meta":{},"tags":[]},{"ancestorTitles":["useSaveDailyCheckinMutation"],"fullName":"useSaveDailyCheckinMutation keeps the original error visible and does not invalidate daily checkins on failure","status":"passed","title":"keeps the original error visible and does not invalidate daily checkins on failure","duration":58.11164499999995,"failureMessages":[],"meta":{},"tags":[]}],"startTime":1779916192941,"endTime":1779916193207.1116,"status":"passed","message":"","name":"/app/src/hooks/useSaveDailyCheckinMutation.test.tsx"},{"assertionResults":[{"ancestorTitles":["useSaveHydrationEntryMutation"],"fullName":"useSaveHydrationEntryMutation calls the mocked save service and invalidates hydration state on success","status":"passed","title":"calls the mocked save service and invalidates hydration state on success","duration":87.60304100000008,"failureMessages":[],"meta":{},"tags":[]},{"ancestorTitles":["useSaveHydrationEntryMutation"],"fullName":"useSaveHydrationEntryMutation moves through pending state while unresolved","status":"passed","title":"moves through pending state while unresolved","duration":111.75235100000009,"failureMessages":[],"meta":{},"tags":[]},{"ancestorTitles":["useSaveHydrationEntryMutation"],"fullName":"useSaveHydrationEntryMutation keeps error visible and does not invalidate on failure","status":"passed","title":"keeps error visible and does not invalidate on failure","duration":58.4537499999999,"failureMessages":[],"meta":{},"tags":[]}],"startTime":1779916191836,"endTime":1779916192093.4539,"status":"passed","message":"","name":"/app/src/hooks/useSaveHydrationEntryMutation.test.tsx"},{"assertionResults":[{"ancestorTitles":["useSaveHydrationGoalMutation"],"fullName":"useSaveHydrationGoalMutation calls the mocked save service and invalidates hydration state on success","status":"passed","title":"calls the mocked save service and invalidates hydration state on success","duration":85.31188600000019,"failureMessages":[],"meta":{},"tags":[]},{"ancestorTitles":["useSaveHydrationGoalMutation"],"fullName":"useSaveHydrationGoalMutation keeps error visible and does not invalidate on failure","status":"passed","title":"keeps error visible and does not invalidate on failure","duration":56.81084800000008,"failureMessages":[],"meta":{},"tags":[]}],"startTime":1779916193645,"endTime":1779916193787.8108,"status":"passed","message":"","name":"/app/src/hooks/useSaveHydrationGoalMutation.test.tsx"},{"assertionResults":[{"ancestorTitles":["useTrainingSync"],"fullName":"useTrainingSync hydrates profile, plans, current plan and history from a mocked Supabase result","status":"passed","title":"hydrates profile, plans, current plan and history from a mocked Supabase result","duration":26.587835999999925,"failureMessages":[],"meta":{},"tags":[]},{"ancestorTitles":["useTrainingSync"],"fullName":"useTrainingSync leaves the app store unchanged when backend data is not Supabase backed","status":"passed","title":"leaves the app store unchanged when backend data is not Supabase backed","duration":4.367433000000119,"failureMessages":[],"meta":{},"tags":[]},{"ancestorTitles":["useTrainingSync"],"fullName":"useTrainingSync rehydrates after a successful mocked legacy migration","status":"passed","title":"rehydrates after a successful mocked legacy migration","duration":4.761951999999837,"failureMessages":[],"meta":{},"tags":[]},{"ancestorTitles":["useTrainingSync"],"fullName":"useTrainingSync captures hydration errors without throwing to the caller","status":"passed","title":"captures hydration errors without throwing to the caller","duration":5.271383000000014,"failureMessages":[],"meta":{},"tags":[]}],"startTime":1779916204941,"endTime":1779916204981.2715,"status":"passed","message":"","name":"/app/src/hooks/useTrainingSync.test.ts"},{"assertionResults":[{"ancestorTitles":["useWorkoutManager"],"fullName":"useWorkoutManager completes a workout day and coordinates store updates, sharing, engagement and snapshot effects","status":"passed","title":"completes a workout day and coordinates store updates, sharing, engagement and snapshot effects","duration":34.841993,"failureMessages":[],"meta":{},"tags":[]},{"ancestorTitles":["useWorkoutManager"],"fullName":"useWorkoutManager queues an offline workout sync and registers background sync when the browser is offline","status":"passed","title":"queues an offline workout sync and registers background sync when the browser is offline","duration":59.4180409999999,"failureMessages":[],"meta":{},"tags":[]},{"ancestorTitles":["useWorkoutManager"],"fullName":"useWorkoutManager captures snapshot errors without interrupting the caller","status":"passed","title":"captures snapshot errors without interrupting the caller","duration":6.412701000000197,"failureMessages":[],"meta":{},"tags":[]}],"startTime":1779916196587,"endTime":1779916196688.4126,"status":"passed","message":"","name":"/app/src/hooks/useWorkoutManager.test.ts"},{"assertionResults":[{"ancestorTitles":["useWorkoutManager"],"fullName":"useWorkoutManager completes a workout day and updates store, analytics, streak, sharing and snapshot side effects","status":"passed","title":"completes a workout day and updates store, analytics, streak, sharing and snapshot side effects","duration":31.257620000000088,"failureMessages":[],"meta":{},"tags":[]},{"ancestorTitles":["useWorkoutManager"],"fullName":"useWorkoutManager queues a completed workout for offline sync and registers background sync when offline","status":"passed","title":"queues a completed workout for offline sync and registers background sync when offline","duration":16.85023500000011,"failureMessages":[],"meta":{},"tags":[]},{"ancestorTitles":["useWorkoutManager"],"fullName":"useWorkoutManager refreshes engagement with mocked totals and reports newly unlocked badges","status":"passed","title":"refreshes engagement with mocked totals and reports newly unlocked badges","duration":4.049664000000121,"failureMessages":[],"meta":{},"tags":[]},{"ancestorTitles":["useWorkoutManager"],"fullName":"useWorkoutManager captures dashboard snapshot failures without interrupting the hook caller","status":"passed","title":"captures dashboard snapshot failures without interrupting the hook caller","duration":3.30571400000008,"failureMessages":[],"meta":{},"tags":[]}],"startTime":1779916198249,"endTime":1779916198304.3057,"status":"passed","message":"","name":"/app/src/hooks/useWorkoutManager.test.tsx"},{"assertionResults":[{"ancestorTitles":["appRouter"],"fullName":"appRouter normalizes core paths without replacing the current architecture","status":"passed","title":"normalizes core paths without replacing the current architecture","duration":2.671290999999883,"failureMessages":[],"meta":{},"tags":[]},{"ancestorTitles":["appRouter"],"fullName":"appRouter parses canonical routes and legacy deep links","status":"passed","title":"parses canonical routes and legacy deep links","duration":1.3299979999999323,"failureMessages":[],"meta":{},"tags":[]},{"ancestorTitles":["appRouter"],"fullName":"appRouter builds stable incremental hrefs","status":"passed","title":"builds stable incremental hrefs","duration":0.4507980000000771,"failureMessages":[],"meta":{},"tags":[]}],"startTime":1779916263805,"endTime":1779916263809.4507,"status":"passed","message":"","name":"/app/src/navigation/appRouter.test.ts"},{"assertionResults":[{"ancestorTitles":["BillingCenter"],"fullName":"BillingCenter renders correctly without billing data","status":"passed","title":"renders correctly without billing data","duration":2.3862369999999373,"failureMessages":[],"meta":{},"tags":[]},{"ancestorTitles":["BillingCenter"],"fullName":"BillingCenter shows upgrade button for free users","status":"passed","title":"shows upgrade button for free users","duration":0.4075159999999869,"failureMessages":[],"meta":{},"tags":[]}],"startTime":1779916237857,"endTime":1779916237859.4075,"status":"passed","message":"","name":"/app/src/pages/BillingCenter.test.tsx"},{"assertionResults":[{"ancestorTitles":["WorkoutDashboard"],"fullName":"WorkoutDashboard renders basic structure","status":"passed","title":"renders basic structure","duration":2.5634390000000167,"failureMessages":[],"meta":{},"tags":[]},{"ancestorTitles":["WorkoutDashboard"],"fullName":"WorkoutDashboard renders empty state when no plan exists","status":"passed","title":"renders empty state when no plan exists","duration":0.44167300000003706,"failureMessages":[],"meta":{},"tags":[]},{"ancestorTitles":["WorkoutDashboard"],"fullName":"WorkoutDashboard integrates minimally with React Query hooks","status":"passed","title":"integrates minimally with React Query hooks","duration":0.3171830000001137,"failureMessages":[],"meta":{},"tags":[]}],"startTime":1779916278015,"endTime":1779916278018.3171,"status":"passed","message":"","name":"/app/src/pages/WorkoutDashboard.test.tsx"},{"assertionResults":[{"ancestorTitles":["useAppStore"],"fullName":"useAppStore has expected initial state","status":"passed","title":"has expected initial state","duration":3.8440209999998842,"failureMessages":[],"meta":{},"tags":[]},{"ancestorTitles":["useAppStore"],"fullName":"useAppStore updates simple state values correctly","status":"passed","title":"updates simple state values correctly","duration":0.8118340000000899,"failureMessages":[],"meta":{},"tags":[]},{"ancestorTitles":["useAppStore"],"fullName":"useAppStore updates objects and arrays correctly","status":"passed","title":"updates objects and arrays correctly","duration":0.4562039999998433,"failureMessages":[],"meta":{},"tags":[]}],"startTime":1779916249726,"endTime":1779916249731.4563,"status":"passed","message":"","name":"/app/src/stores/useAppStore.test.ts"},{"assertionResults":[{"ancestorTitles":["viewStore"],"fullName":"viewStore has expected initial state","status":"passed","title":"has expected initial state","duration":3.1287240000001475,"failureMessages":[],"
[...]
le":"has disclaimer about experimental tech","duration":0.4801340000001346,"failureMessages":[],"meta":{},"tags":[]}],"startTime":1779916235043,"endTime":1779916235055.4802,"status":"passed","message":"","name":"/app/src/services/xr/webxrCapabilityService.test.ts"},{"assertionResults":[{"ancestorTitles":["aiFormChecker"],"fullName":"aiFormChecker should safely return unavailable status due to blocked dependency","status":"passed","title":"should safely return unavailable status due to blocked dependency","duration":2.6807799999999133,"failureMessages":[],"meta":{},"tags":[]}],"startTime":1779916278167,"endTime":1779916278169.6807,"status":"passed","message":"","name":"/app/src/features/advanced-ai/services/aiFormChecker.test.ts"},{"assertionResults":[{"ancestorTitles":["aiPersonality"],"fullName":"aiPersonality should format technical message","status":"passed","title":"should format technical message","duration":2.773678000000018,"failureMessages":[],"meta":{},"tags":[]},{"ancestorTitles":["aiPersonality"],"fullName":"aiPersonality should format motivator message","status":"passed","title":"should format motivator message","duration":0.5331619999999475,"failureMessages":[],"meta":{},"tags":[]},{"ancestorTitles":["aiPersonality"],"fullName":"aiPersonality should format friendly message","status":"passed","title":"should format friendly message","duration":0.25486300000011397,"failureMessages":[],"meta":{},"tags":[]}],"startTime":1779916276202,"endTime":1779916276206.255,"status":"passed","message":"","name":"/app/src/features/advanced-ai/services/aiPersonality.test.ts"},{"assertionResults":[{"ancestorTitles":["painDrivenSuggestions"],"fullName":"painDrivenSuggestions should return actionable warning for high pain","status":"passed","title":"should return actionable warning for high pain","duration":2.7675430000001597,"failureMessages":[],"meta":{},"tags":[]},{"ancestorTitles":["painDrivenSuggestions"],"fullName":"painDrivenSuggestions should return actionable warning for moderate pain","status":"passed","title":"should return actionable warning for moderate pain","duration":0.5270399999999427,"failureMessages":[],"meta":{},"tags":[]},{"ancestorTitles":["painDrivenSuggestions"],"fullName":"painDrivenSuggestions should return non-actionable note for low pain","status":"passed","title":"should return non-actionable note for low pain","duration":0.32994699999994737,"failureMessages":[],"meta":{},"tags":[]}],"startTime":1779916275224,"endTime":1779916275227.527,"status":"passed","message":"","name":"/app/src/features/advanced-ai/services/painDrivenSuggestions.test.ts"},{"assertionResults":[{"ancestorTitles":["voiceCoach"],"fullName":"voiceCoach should not throw if speechSynthesis is missing","status":"passed","title":"should not throw if speechSynthesis is missing","duration":4.736086999999998,"failureMessages":[],"meta":{},"tags":[]}],"startTime":1779916246753,"endTime":1779916246757.736,"status":"passed","message":"","name":"/app/src/features/advanced-ai/services/voiceCoach.test.ts"},{"assertionResults":[{"ancestorTitles":["useRestTimer"],"fullName":"useRestTimer starts a rest timer, persists it, ticks down and expires cleanly","status":"passed","title":"starts a rest timer, persists it, ticks down and expires cleanly","duration":30.980383999999958,"failureMessages":[],"meta":{},"tags":[]},{"ancestorTitles":["useRestTimer"],"fullName":"useRestTimer restores a valid persisted timer on mount","status":"passed","title":"restores a valid persisted timer on mount","duration":4.371128999999883,"failureMessages":[],"meta":{},"tags":[]},{"ancestorTitles":["useRestTimer"],"fullName":"useRestTimer removes invalid persisted state and supports stop/reset actions","status":"passed","title":"removes invalid persisted state and supports stop/reset actions","duration":5.639131000000134,"failureMessages":[],"meta":{},"tags":[]}],"startTime":1779916206114,"endTime":1779916206155.6392,"status":"passed","message":"","name":"/app/src/pages/Dashboard/hooks/useRestTimer.test.ts"},{"assertionResults":[{"ancestorTitles":["useRestTimer"],"fullName":"useRestTimer starts, persists and expires a rest timer using fake timers","status":"passed","title":"starts, persists and expires a rest timer using fake timers","duration":37.10947599999986,"failureMessages":[],"meta":{},"tags":[]},{"ancestorTitles":["useRestTimer"],"fullName":"useRestTimer hydrates a running timer from localStorage on mount","status":"passed","title":"hydrates a running timer from localStorage on mount","duration":6.567820999999867,"failureMessages":[],"meta":{},"tags":[]},{"ancestorTitles":["useRestTimer"],"fullName":"useRestTimer removes invalid persisted timer state and remains idle","status":"passed","title":"removes invalid persisted timer state and remains idle","duration":10.897287000000006,"failureMessages":[],"meta":{},"tags":[]},{"ancestorTitles":["useRestTimer"],"fullName":"useRestTimer resets to the default duration and stop clears storage","status":"passed","title":"resets to the default duration and stop clears storage","duration":5.363467000000128,"failureMessages":[],"meta":{},"tags":[]}],"startTime":1779916203247,"endTime":1779916203307.3635,"status":"passed","message":"","name":"/app/src/pages/Dashboard/hooks/useRestTimer.test.tsx"},{"assertionResults":[{"ancestorTitles":["MobilityDashboard"],"fullName":"MobilityDashboard creates a stable manual mobility log","status":"passed","title":"creates a stable manual mobility log","duration":3.280918000000156,"failureMessages":[],"meta":{},"tags":[]},{"ancestorTitles":["MobilityDashboard"],"fullName":"MobilityDashboard keeps the manual fallback defaults and camera guard copy","status":"passed","title":"keeps the manual fallback defaults and camera guard copy","duration":0.8815389999999752,"failureMessages":[],"meta":{},"tags":[]}],"startTime":1779916267877,"endTime":1779916267880.8816,"status":"passed","message":"","name":"/app/src/pages/Dashboard/components/MobilityDashboard.test.tsx"},{"assertionResults":[{"ancestorTitles":["activeWorkoutEngine"],"fullName":"activeWorkoutEngine calcula tonelagem com peso e reps válidos","status":"passed","title":"calcula tonelagem com peso e reps válidos","duration":2.411117000000104,"failureMessages":[],"meta":{},"tags":[]},{"ancestorTitles":["activeWorkoutEngine"],"fullName":"activeWorkoutEngine retorna 0 com dados inválidos","status":"passed","title":"retorna 0 com dados inválidos","duration":0.4791609999999764,"failureMessages":[],"meta":{},"tags":[]},{"ancestorTitles":["activeWorkoutEngine"],"fullName":"activeWorkoutEngine calcula progresso de exercícios concluídos","status":"passed","title":"calcula progresso de exercícios concluídos","duration":0.31037500000002183,"failureMessages":[],"meta":{},"tags":[]},{"ancestorTitles":["activeWorkoutEngine"],"fullName":"activeWorkoutEngine retorna orientação correta de RPE","status":"passed","title":"retorna orientação correta de RPE","duration":0.3676390000000538,"failureMessages":[],"meta":{},"tags":[]},{"ancestorTitles":["activeWorkoutEngine"],"fullName":"activeWorkoutEngine calcula RPE a partir de RIR","status":"passed","title":"calcula RPE a partir de RIR","duration":0.6455069999999523,"failureMessages":[],"meta":{},"tags":[]},{"ancestorTitles":["activeWorkoutEngine"],"fullName":"activeWorkoutEngine calcula RIR a partir de RPE","status":"passed","title":"calcula RIR a partir de RPE","duration":0.5817729999998846,"failureMessages":[],"meta":{},"tags":[]},{"ancestorTitles":["activeWorkoutEngine"],"fullName":"activeWorkoutEngine gera opções de calculadora RPE","status":"passed","title":"gera opções de calculadora RPE","duration":0.47815600000012637,"failureMessages":[],"meta":{},"tags":[]},{"ancestorTitles":["activeWorkoutEngine"],"fullName":"activeWorkoutEngine detecta platô simples com histórico suficiente","status":"passed","title":"detecta platô simples com histórico suficiente","duration":0.6422719999998208,"failureMessages":[],"meta":{},"tags":[]},{"ancestorTitles":["activeWorkoutEngine"],"fullName":"activeWorkoutEngine não detecta platô sem histórico suficiente","status":"passed","title":"não detecta platô sem histórico suficiente","duration":0.7468039999998837,"failureMessages":[],"meta":{},"tags":[]},{"ancestorTitles":["activeWorkoutEngine"],"fullName":"activeWorkoutEngine sugere autofill com último exercício","status":"passed","title":"sugere autofill com último exercício","duration":0.43122999999991407,"failureMessages":[],"meta":{},"tags":[]},{"ancestorTitles":["activeWorkoutEngine"],"fullName":"activeWorkoutEngine não sugere autofill sem histórico","status":"passed","title":"não sugere autofill sem histórico","duration":0.32672299999990173,"failureMessages":[],"meta":{},"tags":[]},{"ancestorTitles":["activeWorkoutEngine"],"fullName":"activeWorkoutEngine gera resumo de treino ativo em tempo real","status":"passed","title":"gera resumo de treino ativo em tempo real","duration":0.44984599999997954,"failureMessages":[],"meta":{},"tags":[]},{"ancestorTitles":["activeWorkoutEngine"],"fullName":"activeWorkoutEngine parseia descanso textual para segundos","status":"passed","title":"parseia descanso textual para segundos","duration":0.34117300000002615,"failureMessages":[],"meta":{},"tags":[]},{"ancestorTitles":["activeWorkoutEngine"],"fullName":"activeWorkoutEngine usa validacao granular ao converter draft em log","status":"passed","title":"usa validacao granular ao converter draft em log","duration":2.6830740000000333,"failureMessages":[],"meta":{},"tags":[]}],"startTime":1779916221331,"endTime":1779916221342.683,"status":"passed","message":"","name":"/app/src/pages/Dashboard/services/activeWorkoutEngine.test.ts"},{"assertionResults":[{"ancestorTitles":["activeWorkoutInteractions"],"fullName":"activeWorkoutInteractions navega para proximo exercicio com swipe para esquerda","status":"passed","title":"navega para proximo exercicio com swipe para esquerda","duration":3.335700999999972,"failureMessages":[],"meta":{},"tags":[]},{"ancestorTitles":["activeWorkoutInteractions"],"fullName":"activeWorkoutInteractions navega para exercicio anterior com swipe para direita","status":"passed","title":"navega para exercicio anterior com swipe para direita","duration":0.593358999999964,"failureMessages":[],"meta":{},"tags":[]},{"ancestorTitles":["activeWorkoutInteractions"],"fullName":"activeWorkoutInteractions ignora rolagem vertical e limites da lista","status":"passed","title":"ignora rolagem vertical e limites da lista","duration":0.5051849999999831,"failureMessages":[],"meta":{},"tags":[]},{"ancestorTitles":["activeWorkoutInteractions"],"fullName":"activeWorkoutInteractions ignora alvos interativos para nao quebrar inputs","status":"passed","title":"ignora alvos interativos para nao quebrar inputs","duration":14.400360000000092,"failureMessages":[],"meta":{},"tags":[]}],"startTime":1779916215158,"endTime":1779916215176.4004,"status":"passed","message":"","name":"/app/src/pages/Dashboard/services/activeWorkoutInteractions.test.ts"},{"assertionResults":[{"ancestorTitles":["dashboardSession"],"fullName":"dashboardSession cria draft ativo com sugestao do historico recente","status":"passed","title":"cria draft ativo com sugestao do historico recente","duration":4.007323999999926,"failureMessages":[],"meta":{},"tags":[]},{"ancestorTitles":["dashboardSession"],"fullName":"dashboardSession isola leitura quebrada de starter user","status":"passed","title":"isola leitura quebrada de starter user","duration":0.558907999999974,"failureMessages":[],"meta":{},"tags":[]},{"ancestorTitles":["dashboardSession"],"fullName":"dashboardSession normaliza starter user antes de persistir","status":"passed","title":"normaliza starter user antes de persistir","duration":0.569398000000092,"failureMessages":[],"meta":{},"tags":[]}],"startTime":1779916209481,"endTime":1779916209486.5693,"status":"passed","message":"","name":"/app/src/pages/Dashboard/services/dashboardSession.test.ts"},{"assertionResults":[{"ancestorTitles":["dashboardValidation"],"fullName":"dashboardValidation normaliza campos numericos e textos da anamnese","status":"passed","title":"normaliza campos numericos e textos da anamnese","duration":5.9580130000001645,"failureMessages":[],"meta":{},"tags":[]},{"ancestorTitles":["dashboardValidation"],"fullName":"dashboardValidation retorna erro granular para nivel invalido","status":"passed","title":"retorna erro granular para nivel invalido","duration":1.5870930000000953,"failureMessages":[],"meta":{},"tags":[]},{"ancestorTitles":["dashboardValidation"],"fullName":"dashboardValidation parseia metricas de serie com virgula decimal e limites seguros","status":"passed","title":"parseia metricas de serie com virgula decimal e limites seguros","duration":1.9528530000000046,"failureMessages":[],"meta":{},"tags":[]}],"startTime":1779916226779,"endTime":1779916226788.953,"status":"passed","message":"","name":"/app/src/pages/Dashboard/services/dashboardValidation.test.ts"},{"assertionResults":[{"ancestorTitles":["gamificationRetentionEngine"],"fullName":"gamificationRetentionEngine rankeia semanas por consistencia local, nao por volume bruto","status":"passed","title":"rankeia semanas por consistencia local, nao por volume bruto","duration":29.33377600000017,"failureMessages":[],"meta":{},"tags":[]},{"ancestorTitles":["gamificationRetentionEngine"],"fullName":"gamificationRetentionEngine gera badges conquistados e em progresso com base no historico local","status":"passed","title":"gera badges conquistados e em progresso com base no historico local","duration":1.3931620000000748,"failureMessages":[],"meta":{},"tags":[]},{"ancestorTitles":["gamificationRetentionEngine"],"fullName":"gamificationRetentionEngine preserva ofensiva local com freeze quando hoje e descanso legitimo","status":"passed","title":"preserva ofensiva local com freeze quando hoje e descanso legitimo","duration":0.9964929999998731,"failureMessages":[],"meta":{},"tags":[]},{"ancestorTitles":["gamificationRetentionEngine"],"fullName":"gamificationRetentionEngine libera titulos de perfil por nivel local","status":"passed","title":"libera titulos de perfil por nivel local","duration":0.6051660000000538,"failureMessages":[],"meta":{},"tags":[]},{"ancestorTitles":["gamificationRetentionEngine"],"fullName":"gamificationRetentionEngine cria missoes escondidas diarias deterministicas com progresso real","status":"passed","title":"cria missoes escondidas diarias deterministicas com progresso real","duration":1.9316089999999804,"failureMessages":[],"meta":{},"tags":[]},{"ancestorTitles":["gamificationRetentionEngine"],"fullName":"gamificationRetentionEngine monta estado consolidado para a secao do Dashboard","status":"passed","title":"monta estado consolidado para a secao do Dashboard","duration":1.4003000000000156,"failureMessages":[],"meta":{},"tags":[]}],"startTime":1779916191293,"endTime":1779916191328.4004,"status":"passed","message":"","name":"/app/src/pages/Dashboard/services/gamificationRetentionEngine.test.ts"},{"assertionResults":[{"ancestorTitles":["Monetization Engine"],"fullName":"Monetization Engine should provide a mock Ulysses Contract for preview","status":"passed","title":"should provide a mock Ulysses Contract for preview","duration":2.7297819999998865,"failureMessages":[],"meta":{},"tags":[]},{"ancestorTitles":["Monetization Engine"],"fullName":"Monetization Engine should provide a mock marketplace catalog","status":"passed","title":"should provide a mock marketplace catalog","duration":0.5461780000000545,"failureMessages":[],"meta":{},"tags":[]},{"ancestorTitles":["Monetization Engine"],"fullName":"Monetization Engine should block donations without a real provider","status":"passed","title":"should block donations without a real provider","duration":0.34594300000003386,"failureMessages":[],"meta":{},"tags":[]},{"ancestorTitles":["Monetization Engine"],"fullName":"Monetization Engine should block self-bets without compliance KYC","status":"passed","title":"should block self-bets without compliance KYC","duration":0.2497200000000248,"failureMessages":[],"meta":{},"tags":[]},{"ancestorTitles":["Monetization Engine"],"fullName":"Monetization Engine should have a pay-per-workout configuration","status":"passed","title":"should have a pay-per-workout configuration","duration":0.3568830000001526,"failureMessages":[],"meta":{},"tags":[]}],"startTime":1779916270873,"endTime":1779916270877.357,"status":"passed","message":"","name":"/app/src/pages/Dashboard/services/monetizationEngine.test.ts"},{"assertionResults":[{"ancestorTitles":["remoteGamifiedEngine"],"fullName":"remoteGamifiedEngine builds initial state correctly with empty history","status":"passed","title":"builds initial state correctly with empty history","duration":3.144063999999844,"failureMessages":[],"meta":{},"tags":[]},{"ancestorTitles":["remoteGamifiedEngine"],"fullName":"remoteGamifiedEngine unlocks features based on history length","status":"passed","title":"unlocks features based on history length","duration":1.0047150000000329,"failureMessages":[],"meta":{},"tags":[]}],"startTime":1779916273307,"endTime":1779916273311.0046,"status":"passed","message":"","name":"/app/src/pages/Dashboard/services/remoteGamifiedEngine.test.ts"},{"assertionResults":[{"ancestorTitles":["restTimerEngine"],"fullName":"restTimerEngine sanitizes rest duration correctly","status":"passed","title":"sanitizes rest duration correctly","duration":2.614912000000004,"failureMessages":[],"meta":{},"tags":[]},{"ancestorTitles":["restTimerEngine"],"fullName":"restTimerEngine creates valid timer state","status":"passed","title":"creates valid timer state","duration":0.5191150000000562,"failureMessages":[],"meta":{},"tags":[]},{"ancestorTitles":["restTimerEngine"],"fullName":"restTimerEngine parses valid persisted state","status":"passed","title":"parses valid persisted state","duration":1.124366000000009,"failureMessages":[],"meta":{},"tags":[]},{"ancestorTitles":["restTimerEngine"],"fullName":"restTimerEngine returns null for invalid persisted state","status":"passed","title":"returns null for invalid persisted state","duration":0.47951199999988603,"failureMessages":[],"meta":{},"tags":[]},{"ancestorTitles":["restTimerEngine"],"fullName":"restTimerEngine calculates remaining seconds","status":"passed","title":"calculates remaining seconds","duration":0.39746800000011717,"failureMessages":[],"meta":{},"tags":[]},{"ancestorTitles":["restTimerEngine"],"fullName":"restTimerEngine formats seconds to mm:ss","status":"passed","title":"formats seconds to mm:ss","duration":0.502371999999923,"failureMessages":[],"meta":{},"tags":[]}],"startTime":1779916242474,"endTime":1779916242479.5024,"status":"passed","message":"","name":"/app/src/pages/Dashboard/services/restTimerEngine.test.ts"},{"assertionResults":[{"ancestorTitles":["workoutAuthoring"],"fullName":"workoutAuthoring reordena exercicios dentro do dia sem mutar o plano original","status":"passed","title":"reordena exercicios dentro do dia sem mutar o plano original","duration":3.2473039999999855,"failureMessages":[],"meta":{},"tags":[]},{"ancestorTitles":["workoutAuthoring"],"fullName":"workoutAuthoring cria grupo de superset com o proximo exercicio","status":"passed","title":"cria grupo de superset com o proximo exercicio","duration":0.8150210000001152,"failureMessages":[],"meta":{},"tags":[]},{"ancestorTitles":["workoutAuthoring"],"fullName":"workoutAuthoring aplica dropset sem schema externo","status":"passed","title":"aplica dropset sem schema externo","duration":0.3439849999999751,"failureMessages":[],"meta":{},"tags":[]},{"ancestorTitles":["workoutAuthoring"],"fullName":"workoutAuthoring atualiza nota textual por exercicio","status":"passed","title":"atualiza nota textual por exercicio","duration":0.3478340000001481,"failureMessages":[],"meta":{},"tags":[]}],"startTime":1779916259324,"endTime":1779916259329.348,"status":"passed","message":"","name":"/app/src/pages/Dashboard/services/workoutAuthoring.test.ts"}]}
